<?xml version="1.0" encoding="UTF-8"?>
<testsuite name="org.springframework.web.servlet.mvc.method.annotation.ServletAnnotationControllerHandlerMethodTests" tests="106" skipped="0" failures="0" errors="0" timestamp="2021-06-20T08:12:41" hostname="gankangdembp" time="11.753">
  <properties/>
  <testcase name="explicitAndEmptyPathsControllerMapping()" classname="org.springframework.web.servlet.mvc.method.annotation.ServletAnnotationControllerHandlerMethodTests" time="0.127"/>
  <testcase name="optionalParamPresent()" classname="org.springframework.web.servlet.mvc.method.annotation.ServletAnnotationControllerHandlerMethodTests" time="0.118"/>
  <testcase name="dataClassBindingWithValidationErrorAndConversionError()" classname="org.springframework.web.servlet.mvc.method.annotation.ServletAnnotationControllerHandlerMethodTests" time="1.38"/>
  <testcase name="responseAsHttpHeaders()" classname="org.springframework.web.servlet.mvc.method.annotation.ServletAnnotationControllerHandlerMethodTests" time="0.125"/>
  <testcase name="dataClassBindingWithOptional()" classname="org.springframework.web.servlet.mvc.method.annotation.ServletAnnotationControllerHandlerMethodTests" time="0.084"/>
  <testcase name="multipartFilesAsStringArray()" classname="org.springframework.web.servlet.mvc.method.annotation.ServletAnnotationControllerHandlerMethodTests" time="0.092"/>
  <testcase name="bindingCookieValue()" classname="org.springframework.web.servlet.mvc.method.annotation.ServletAnnotationControllerHandlerMethodTests" time="0.104"/>
  <testcase name="unmappedPathMapping()" classname="org.springframework.web.servlet.mvc.method.annotation.ServletAnnotationControllerHandlerMethodTests" time="0.058"/>
  <testcase name="equivalentMappingsWithSameMethodName()" classname="org.springframework.web.servlet.mvc.method.annotation.ServletAnnotationControllerHandlerMethodTests" time="0.034"/>
  <testcase name="requestMappingInterface()" classname="org.springframework.web.servlet.mvc.method.annotation.ServletAnnotationControllerHandlerMethodTests" time="0.15"/>
  <testcase name="customAnnotationController()" classname="org.springframework.web.servlet.mvc.method.annotation.ServletAnnotationControllerHandlerMethodTests" time="0.093"/>
  <testcase name="requestHeaderMap()" classname="org.springframework.web.servlet.mvc.method.annotation.ServletAnnotationControllerHandlerMethodTests" time="0.099"/>
  <testcase name="redirectAttribute()" classname="org.springframework.web.servlet.mvc.method.annotation.ServletAnnotationControllerHandlerMethodTests" time="0.139"/>
  <testcase name="emptyValueMapping()" classname="org.springframework.web.servlet.mvc.method.annotation.ServletAnnotationControllerHandlerMethodTests" time="0.077"/>
  <testcase name="typedCommandProvidingFormController()" classname="org.springframework.web.servlet.mvc.method.annotation.ServletAnnotationControllerHandlerMethodTests" time="0.669"/>
  <testcase name="dataClassBindingWithConversionError()" classname="org.springframework.web.servlet.mvc.method.annotation.ServletAnnotationControllerHandlerMethodTests" time="0.11"/>
  <testcase name="bridgeMethodsWithMultipleInterfaces()" classname="org.springframework.web.servlet.mvc.method.annotation.ServletAnnotationControllerHandlerMethodTests" time="0.088"/>
  <testcase name="adaptedHandleMethods2()" classname="org.springframework.web.servlet.mvc.method.annotation.ServletAnnotationControllerHandlerMethodTests" time="0.099"/>
  <testcase name="adaptedHandleMethods3()" classname="org.springframework.web.servlet.mvc.method.annotation.ServletAnnotationControllerHandlerMethodTests" time="0.129"/>
  <testcase name="errorThrownFromHandlerMethod()" classname="org.springframework.web.servlet.mvc.method.annotation.ServletAnnotationControllerHandlerMethodTests" time="0.084"/>
  <testcase name="responseBodyVoid()" classname="org.springframework.web.servlet.mvc.method.annotation.ServletAnnotationControllerHandlerMethodTests" time="0.062"/>
  <testcase name="responseBodyAsTextWithCssExtension()" classname="org.springframework.web.servlet.mvc.method.annotation.ServletAnnotationControllerHandlerMethodTests" time="0.177"/>
  <testcase name="trailingSlash()" classname="org.springframework.web.servlet.mvc.method.annotation.ServletAnnotationControllerHandlerMethodTests" time="0.07"/>
  <testcase name="modelAndViewWithStatus()" classname="org.springframework.web.servlet.mvc.method.annotation.ServletAnnotationControllerHandlerMethodTests" time="0.062"/>
  <testcase name="badRequestRequestBody()" classname="org.springframework.web.servlet.mvc.method.annotation.ServletAnnotationControllerHandlerMethodTests" time="0.099"/>
  <testcase name="customMapEditor()" classname="org.springframework.web.servlet.mvc.method.annotation.ServletAnnotationControllerHandlerMethodTests" time="0.058"/>
  <testcase name="produces()" classname="org.springframework.web.servlet.mvc.method.annotation.ServletAnnotationControllerHandlerMethodTests" time="0.262"/>
  <testcase name="nullCommandController()" classname="org.springframework.web.servlet.mvc.method.annotation.ServletAnnotationControllerHandlerMethodTests" time="0.103"/>
  <testcase name="proxiedFormController()" classname="org.springframework.web.servlet.mvc.method.annotation.ServletAnnotationControllerHandlerMethodTests" time="0.135"/>
  <testcase name="sessionAttributeExposure()" classname="org.springframework.web.servlet.mvc.method.annotation.ServletAnnotationControllerHandlerMethodTests" time="0.078"/>
  <testcase name="acceptHeaders()" classname="org.springframework.web.servlet.mvc.method.annotation.ServletAnnotationControllerHandlerMethodTests" time="0.072"/>
  <testcase name="modelFormController()" classname="org.springframework.web.servlet.mvc.method.annotation.ServletAnnotationControllerHandlerMethodTests" time="0.079"/>
  <testcase name="optionalParamMissing()" classname="org.springframework.web.servlet.mvc.method.annotation.ServletAnnotationControllerHandlerMethodTests" time="0.073"/>
  <testcase name="formController()" classname="org.springframework.web.servlet.mvc.method.annotation.ServletAnnotationControllerHandlerMethodTests" time="0.073"/>
  <testcase name="dataClassBindingWithMissingParameter()" classname="org.springframework.web.servlet.mvc.method.annotation.ServletAnnotationControllerHandlerMethodTests" time="0.086"/>
  <testcase name="parameterizedAnnotatedInterface()" classname="org.springframework.web.servlet.mvc.method.annotation.ServletAnnotationControllerHandlerMethodTests" time="0.091"/>
  <testcase name="responseBodyArgMismatch()" classname="org.springframework.web.servlet.mvc.method.annotation.ServletAnnotationControllerHandlerMethodTests" time="0.661"/>
  <testcase name="consumes()" classname="org.springframework.web.servlet.mvc.method.annotation.ServletAnnotationControllerHandlerMethodTests" time="0.085"/>
  <testcase name="requestParamMap()" classname="org.springframework.web.servlet.mvc.method.annotation.ServletAnnotationControllerHandlerMethodTests" time="0.076"/>
  <testcase name="parameterDispatchingController()" classname="org.springframework.web.servlet.mvc.method.annotation.ServletAnnotationControllerHandlerMethodTests" time="0.219"/>
  <testcase name="multipartFileAsStringArray()" classname="org.springframework.web.servlet.mvc.method.annotation.ServletAnnotationControllerHandlerMethodTests" time="0.103"/>
  <testcase name="dataClassBinding()" classname="org.springframework.web.servlet.mvc.method.annotation.ServletAnnotationControllerHandlerMethodTests" time="0.067"/>
  <testcase name="sessionAttributeExposureWithInterface()" classname="org.springframework.web.servlet.mvc.method.annotation.ServletAnnotationControllerHandlerMethodTests" time="0.084"/>
  <testcase name="httpOptions()" classname="org.springframework.web.servlet.mvc.method.annotation.ServletAnnotationControllerHandlerMethodTests" time="0.109"/>
  <testcase name="responseBodyAsHtml()" classname="org.springframework.web.servlet.mvc.method.annotation.ServletAnnotationControllerHandlerMethodTests" time="0.074"/>
  <testcase name="defaultExpressionParameters()" classname="org.springframework.web.servlet.mvc.method.annotation.ServletAnnotationControllerHandlerMethodTests" time="0.195"/>
  <testcase name="testHeadersCondition()" classname="org.springframework.web.servlet.mvc.method.annotation.ServletAnnotationControllerHandlerMethodTests" time="0.1"/>
  <testcase name="regularParameterAsSingleString()" classname="org.springframework.web.servlet.mvc.method.annotation.ServletAnnotationControllerHandlerMethodTests" time="0.063"/>
  <testcase name="dataClassBindingWithFieldMarkerFallback()" classname="org.springframework.web.servlet.mvc.method.annotation.ServletAnnotationControllerHandlerMethodTests" time="0.044"/>
  <testcase name="httpEntityWithContentType()" classname="org.springframework.web.servlet.mvc.method.annotation.ServletAnnotationControllerHandlerMethodTests" time="0.221"/>
  <testcase name="testMatchWithoutMethodLevelPath()" classname="org.springframework.web.servlet.mvc.method.annotation.ServletAnnotationControllerHandlerMethodTests" time="0.055"/>
  <testcase name="httpHead()" classname="org.springframework.web.servlet.mvc.method.annotation.ServletAnnotationControllerHandlerMethodTests" time="0.063"/>
  <testcase name="requestBodyResponseBody()" classname="org.springframework.web.servlet.mvc.method.annotation.ServletAnnotationControllerHandlerMethodTests" time="0.069"/>
  <testcase name="responseBodyWildCardMediaType()" classname="org.springframework.web.servlet.mvc.method.annotation.ServletAnnotationControllerHandlerMethodTests" time="0.165"/>
  <testcase name="httpHeadExplicit()" classname="org.springframework.web.servlet.mvc.method.annotation.ServletAnnotationControllerHandlerMethodTests" time="0.084"/>
  <testcase name="multipartFileAsSingleString()" classname="org.springframework.web.servlet.mvc.method.annotation.ServletAnnotationControllerHandlerMethodTests" time="0.066"/>
  <testcase name="pathOrdering()" classname="org.springframework.web.servlet.mvc.method.annotation.ServletAnnotationControllerHandlerMethodTests" time="0.066"/>
  <testcase name="overlappingMessageConvertersRequestBody()" classname="org.springframework.web.servlet.mvc.method.annotation.ServletAnnotationControllerHandlerMethodTests" time="0.067"/>
  <testcase name="responseStatus()" classname="org.springframework.web.servlet.mvc.method.annotation.ServletAnnotationControllerHandlerMethodTests" time="0.053"/>
  <testcase name="typeNestedSetBinding()" classname="org.springframework.web.servlet.mvc.method.annotation.ServletAnnotationControllerHandlerMethodTests" time="0.141"/>
  <testcase name="httpPatch()" classname="org.springframework.web.servlet.mvc.method.annotation.ServletAnnotationControllerHandlerMethodTests" time="0.035"/>
  <testcase name="requestMappingBaseClass()" classname="org.springframework.web.servlet.mvc.method.annotation.ServletAnnotationControllerHandlerMethodTests" time="0.062"/>
  <testcase name="commandProvidingFormControllerWithCustomEditor()" classname="org.springframework.web.servlet.mvc.method.annotation.ServletAnnotationControllerHandlerMethodTests" time="0.184"/>
  <testcase name="responseBodyNoAcceptableMediaType()" classname="org.springframework.web.servlet.mvc.method.annotation.ServletAnnotationControllerHandlerMethodTests" time="0.086"/>
  <testcase name="relativeMethodPathDispatchingController()" classname="org.springframework.web.servlet.mvc.method.annotation.ServletAnnotationControllerHandlerMethodTests" time="0.05"/>
  <testcase name="dataClassBindingWithAdditionalSetter()" classname="org.springframework.web.servlet.mvc.method.annotation.ServletAnnotationControllerHandlerMethodTests" time="0.057"/>
  <testcase name="modelAndViewWithStatusInExceptionHandler()" classname="org.springframework.web.servlet.mvc.method.annotation.ServletAnnotationControllerHandlerMethodTests" time="0.046"/>
  <testcase name="httpEntity()" classname="org.springframework.web.servlet.mvc.method.annotation.ServletAnnotationControllerHandlerMethodTests" time="0.055"/>
  <testcase name="lateBindingFormController()" classname="org.springframework.web.servlet.mvc.method.annotation.ServletAnnotationControllerHandlerMethodTests" time="0.045"/>
  <testcase name="unsupportedRequestBody()" classname="org.springframework.web.servlet.mvc.method.annotation.ServletAnnotationControllerHandlerMethodTests" time="0.082"/>
  <testcase name="defaultParameters()" classname="org.springframework.web.servlet.mvc.method.annotation.ServletAnnotationControllerHandlerMethodTests" time="0.064"/>
  <testcase name="specificBinderInitializingCommandProvidingFormController()" classname="org.springframework.web.servlet.mvc.method.annotation.ServletAnnotationControllerHandlerMethodTests" time="0.137"/>
  <testcase name="methodNotAllowed()" classname="org.springframework.web.servlet.mvc.method.annotation.ServletAnnotationControllerHandlerMethodTests" time="0.062"/>
  <testcase name="binderInitializingCommandProvidingFormController()" classname="org.springframework.web.servlet.mvc.method.annotation.ServletAnnotationControllerHandlerMethodTests" time="0.132"/>
  <testcase name="requestMappingInterfaceWithProxy()" classname="org.springframework.web.servlet.mvc.method.annotation.ServletAnnotationControllerHandlerMethodTests" time="0.078"/>
  <testcase name="restController()" classname="org.springframework.web.servlet.mvc.method.annotation.ServletAnnotationControllerHandlerMethodTests" time="0.051"/>
  <testcase name="relativePathDispatchingController()" classname="org.springframework.web.servlet.mvc.method.annotation.ServletAnnotationControllerHandlerMethodTests" time="0.064"/>
  <testcase name="dataClassBindingWithFieldDefault()" classname="org.springframework.web.servlet.mvc.method.annotation.ServletAnnotationControllerHandlerMethodTests" time="0.051"/>
  <testcase name="mavResolver()" classname="org.springframework.web.servlet.mvc.method.annotation.ServletAnnotationControllerHandlerMethodTests" time="0.054"/>
  <testcase name="dataClassBindingWithResult()" classname="org.springframework.web.servlet.mvc.method.annotation.ServletAnnotationControllerHandlerMethodTests" time="0.101"/>
  <testcase name="responseBodyAsHtmlWithSuffixPresent()" classname="org.springframework.web.servlet.mvc.method.annotation.ServletAnnotationControllerHandlerMethodTests" time="0.069"/>
  <testcase name="ambiguousPathAndRequestMethod()" classname="org.springframework.web.servlet.mvc.method.annotation.ServletAnnotationControllerHandlerMethodTests" time="0.056"/>
  <testcase name="typeConversionError()" classname="org.springframework.web.servlet.mvc.method.annotation.ServletAnnotationControllerHandlerMethodTests" time="0.05"/>
  <testcase name="parameterCsvAsStringArray()" classname="org.springframework.web.servlet.mvc.method.annotation.ServletAnnotationControllerHandlerMethodTests" time="0.072"/>
  <testcase name="regularParameterAsStringArray()" classname="org.springframework.web.servlet.mvc.method.annotation.ServletAnnotationControllerHandlerMethodTests" time="0.064"/>
  <testcase name="adaptedHandleMethods()" classname="org.springframework.web.servlet.mvc.method.annotation.ServletAnnotationControllerHandlerMethodTests" time="0.066"/>
  <testcase name="ambiguousParams()" classname="org.springframework.web.servlet.mvc.method.annotation.ServletAnnotationControllerHandlerMethodTests" time="0.077"/>
  <testcase name="dataClassBindingWithLocalDate()" classname="org.springframework.web.servlet.mvc.method.annotation.ServletAnnotationControllerHandlerMethodTests" time="0.085"/>
  <testcase name="emptyParameterListHandleMethod()" classname="org.springframework.web.servlet.mvc.method.annotation.ServletAnnotationControllerHandlerMethodTests" time="0.08"/>
  <testcase name="dataClassBindingWithFieldDefaultFallback()" classname="org.springframework.web.servlet.mvc.method.annotation.ServletAnnotationControllerHandlerMethodTests" time="0.072"/>
  <testcase name="dataClassBindingWithOptionalAndConversionError()" classname="org.springframework.web.servlet.mvc.method.annotation.ServletAnnotationControllerHandlerMethodTests" time="0.069"/>
  <testcase name="responseAsHttpHeadersNoHeader()" classname="org.springframework.web.servlet.mvc.method.annotation.ServletAnnotationControllerHandlerMethodTests" time="0.056"/>
  <testcase name="dataClassBindingWithFieldMarker()" classname="org.springframework.web.servlet.mvc.method.annotation.ServletAnnotationControllerHandlerMethodTests" time="0.074"/>
  <testcase name="responseBodyAsHtmlWithProducesCondition()" classname="org.springframework.web.servlet.mvc.method.annotation.ServletAnnotationControllerHandlerMethodTests" time="0.112"/>
  <testcase name="negatedContentTypeHeaders()" classname="org.springframework.web.servlet.mvc.method.annotation.ServletAnnotationControllerHandlerMethodTests" time="0.056"/>
  <testcase name="requiredParamMissing()" classname="org.springframework.web.servlet.mvc.method.annotation.ServletAnnotationControllerHandlerMethodTests" time="0.061"/>
  <testcase name="dataClassBindingWithOptionalParameter()" classname="org.springframework.web.servlet.mvc.method.annotation.ServletAnnotationControllerHandlerMethodTests" time="0.075"/>
  <testcase name="flashAttributesWithResponseEntity()" classname="org.springframework.web.servlet.mvc.method.annotation.ServletAnnotationControllerHandlerMethodTests" time="0.063"/>
  <testcase name="parameterizedAnnotatedInterfaceWithOverriddenMappingsInImpl()" classname="org.springframework.web.servlet.mvc.method.annotation.ServletAnnotationControllerHandlerMethodTests" time="0.069"/>
  <testcase name="contentTypeHeaders()" classname="org.springframework.web.servlet.mvc.method.annotation.ServletAnnotationControllerHandlerMethodTests" time="0.079"/>
  <testcase name="prototypeController()" classname="org.springframework.web.servlet.mvc.method.annotation.ServletAnnotationControllerHandlerMethodTests" time="0.068"/>
  <testcase name="responseBodyNoAcceptHeader()" classname="org.springframework.web.servlet.mvc.method.annotation.ServletAnnotationControllerHandlerMethodTests" time="0.052"/>
  <testcase name="bridgeMethods()" classname="org.springframework.web.servlet.mvc.method.annotation.ServletAnnotationControllerHandlerMethodTests" time="0.074"/>
  <testcase name="pathVariableWithCustomConverter()" classname="org.springframework.web.servlet.mvc.method.annotation.ServletAnnotationControllerHandlerMethodTests" time="0.062"/>
  <testcase name="dataClassBindingWithValidationError()" classname="org.springframework.web.servlet.mvc.method.annotation.ServletAnnotationControllerHandlerMethodTests" time="0.096"/>
  <testcase name="regularParametersAsStringArray()" classname="org.springframework.web.servlet.mvc.method.annotation.ServletAnnotationControllerHandlerMethodTests" time="0.048"/>
  <system-out><![CDATA[16:12:43.990 [Test worker] WARN  o.s.w.s.PageNotFound - No mapping for GET /bogus-unmapped
16:12:43.998 [Test worker] ERROR o.s.w.s.m.m.a.AbstractServletHandlerMethodTests$1 - Context initialization failed
org.springframework.beans.factory.BeanCreationException: Error creating bean with name 'handlerMapping': Invocation of init method failed; nested exception is java.lang.IllegalStateException: Ambiguous mapping. Cannot map 'ChildController' method 
org.springframework.web.servlet.mvc.method.annotation.ServletAnnotationControllerHandlerMethodTests$ChildController#doGet(HttpServletRequest, HttpServletResponse)
to {GET /child/test}: There is already 'ChildController' bean method
org.springframework.web.servlet.mvc.method.annotation.ServletAnnotationControllerHandlerMethodTests$ChildController#doGet(HttpServletRequest, HttpServletResponse, String) mapped.
	at org.springframework.beans.factory.support.AbstractAutowireCapableBeanFactory.initializeBean(AbstractAutowireCapableBeanFactory.java:1799) ~[spring-beans-5.2.16.BUILD-SNAPSHOT.jar:5.2.16.BUILD-SNAPSHOT]
	at org.springframework.beans.factory.support.AbstractAutowireCapableBeanFactory.doCreateBean(AbstractAutowireCapableBeanFactory.java:594) ~[spring-beans-5.2.16.BUILD-SNAPSHOT.jar:5.2.16.BUILD-SNAPSHOT]
	at org.springframework.beans.factory.support.AbstractAutowireCapableBeanFactory.createBean(AbstractAutowireCapableBeanFactory.java:516) ~[spring-beans-5.2.16.BUILD-SNAPSHOT.jar:5.2.16.BUILD-SNAPSHOT]
	at org.springframework.beans.factory.support.AbstractBeanFactory.lambda$doGetBean$0(AbstractBeanFactory.java:324) ~[spring-beans-5.2.16.BUILD-SNAPSHOT.jar:5.2.16.BUILD-SNAPSHOT]
	at org.springframework.beans.factory.support.DefaultSingletonBeanRegistry.getSingleton(DefaultSingletonBeanRegistry.java:234) ~[spring-beans-5.2.16.BUILD-SNAPSHOT.jar:5.2.16.BUILD-SNAPSHOT]
	at org.springframework.beans.factory.support.AbstractBeanFactory.doGetBean(AbstractBeanFactory.java:322) ~[spring-beans-5.2.16.BUILD-SNAPSHOT.jar:5.2.16.BUILD-SNAPSHOT]
	at org.springframework.beans.factory.support.AbstractBeanFactory.getBean(AbstractBeanFactory.java:202) ~[spring-beans-5.2.16.BUILD-SNAPSHOT.jar:5.2.16.BUILD-SNAPSHOT]
	at org.springframework.beans.factory.support.DefaultListableBeanFactory.preInstantiateSingletons(DefaultListableBeanFactory.java:897) ~[spring-beans-5.2.16.BUILD-SNAPSHOT.jar:5.2.16.BUILD-SNAPSHOT]
	at org.springframework.context.support.AbstractApplicationContext.finishBeanFactoryInitialization(AbstractApplicationContext.java:879) ~[spring-context-5.2.16.BUILD-SNAPSHOT.jar:5.2.16.BUILD-SNAPSHOT]
	at org.springframework.context.support.AbstractApplicationContext.refresh(AbstractApplicationContext.java:551) ~[spring-context-5.2.16.BUILD-SNAPSHOT.jar:5.2.16.BUILD-SNAPSHOT]
	at org.springframework.web.servlet.mvc.method.annotation.AbstractServletHandlerMethodTests$1.createWebApplicationContext(AbstractServletHandlerMethodTests.java:103) ~[test/:?]
	at org.springframework.web.servlet.FrameworkServlet.initWebApplicationContext(FrameworkServlet.java:591) ~[main/:?]
	at org.springframework.web.servlet.FrameworkServlet.initServletBean(FrameworkServlet.java:530) ~[main/:?]
	at org.springframework.web.servlet.HttpServletBean.init(HttpServletBean.java:170) ~[main/:?]
	at javax.servlet.GenericServlet.init(GenericServlet.java:203) ~[javax.servlet-api-4.0.1.jar:4.0.1]
	at org.springframework.web.servlet.mvc.method.annotation.AbstractServletHandlerMethodTests.initServlet(AbstractServletHandlerMethodTests.java:108) ~[test/:?]
	at org.springframework.web.servlet.mvc.method.annotation.AbstractServletHandlerMethodTests.initServletWithControllers(AbstractServletHandlerMethodTests.java:66) ~[test/:?]
	at org.springframework.web.servlet.mvc.method.annotation.ServletAnnotationControllerHandlerMethodTests.lambda$equivalentMappingsWithSameMethodName$17(ServletAnnotationControllerHandlerMethodTests.java:794) ~[test/:?]
	at org.assertj.core.api.ThrowableAssert.catchThrowable(ThrowableAssert.java:62) ~[assertj-core-3.18.1.jar:?]
	at org.assertj.core.api.AssertionsForClassTypes.catchThrowable(AssertionsForClassTypes.java:877) ~[assertj-core-3.18.1.jar:?]
	at org.assertj.core.api.Assertions.catchThrowable(Assertions.java:1306) ~[assertj-core-3.18.1.jar:?]
	at org.assertj.core.api.Assertions.assertThatThrownBy(Assertions.java:1178) ~[assertj-core-3.18.1.jar:?]
	at org.springframework.web.servlet.mvc.method.annotation.ServletAnnotationControllerHandlerMethodTests.equivalentMappingsWithSameMethodName(ServletAnnotationControllerHandlerMethodTests.java:794) ~[test/:?]
	at sun.reflect.NativeMethodAccessorImpl.invoke0(Native Method) ~[?:1.8.0_201]
	at sun.reflect.NativeMethodAccessorImpl.invoke(NativeMethodAccessorImpl.java:62) ~[?:1.8.0_201]
	at sun.reflect.DelegatingMethodAccessorImpl.invoke(DelegatingMethodAccessorImpl.java:43) ~[?:1.8.0_201]
	at java.lang.reflect.Method.invoke(Method.java:498) ~[?:1.8.0_201]
	at org.junit.platform.commons.util.ReflectionUtils.invokeMethod(ReflectionUtils.java:686) ~[junit-platform-commons-1.6.3.jar:1.6.3]
	at org.junit.jupiter.engine.execution.MethodInvocation.proceed(MethodInvocation.java:60) ~[junit-jupiter-engine-5.6.3.jar:5.6.3]
	at org.junit.jupiter.engine.execution.InvocationInterceptorChain$ValidatingInvocation.proceed(InvocationInterceptorChain.java:131) ~[junit-jupiter-engine-5.6.3.jar:5.6.3]
	at org.junit.jupiter.engine.extension.TimeoutExtension.intercept(TimeoutExtension.java:149) ~[junit-jupiter-engine-5.6.3.jar:5.6.3]
	at org.junit.jupiter.engine.extension.TimeoutExtension.interceptTestableMethod(TimeoutExtension.java:140) ~[junit-jupiter-engine-5.6.3.jar:5.6.3]
	at org.junit.jupiter.engine.extension.TimeoutExtension.interceptTestMethod(TimeoutExtension.java:84) ~[junit-jupiter-engine-5.6.3.jar:5.6.3]
	at org.junit.jupiter.engine.execution.ExecutableInvoker$ReflectiveInterceptorCall.lambda$ofVoidMethod$0(ExecutableInvoker.java:115) ~[junit-jupiter-engine-5.6.3.jar:5.6.3]
	at org.junit.jupiter.engine.execution.ExecutableInvoker.lambda$invoke$0(ExecutableInvoker.java:105) ~[junit-jupiter-engine-5.6.3.jar:5.6.3]
	at org.junit.jupiter.engine.execution.InvocationInterceptorChain$InterceptedInvocation.proceed(InvocationInterceptorChain.java:106) ~[junit-jupiter-engine-5.6.3.jar:5.6.3]
	at org.junit.jupiter.engine.execution.InvocationInterceptorChain.proceed(InvocationInterceptorChain.java:64) ~[junit-jupiter-engine-5.6.3.jar:5.6.3]
	at org.junit.jupiter.engine.execution.InvocationInterceptorChain.chainAndInvoke(InvocationInterceptorChain.java:45) ~[junit-jupiter-engine-5.6.3.jar:5.6.3]
	at org.junit.jupiter.engine.execution.InvocationInterceptorChain.invoke(InvocationInterceptorChain.java:37) ~[junit-jupiter-engine-5.6.3.jar:5.6.3]
	at org.junit.jupiter.engine.execution.ExecutableInvoker.invoke(ExecutableInvoker.java:104) ~[junit-jupiter-engine-5.6.3.jar:5.6.3]
	at org.junit.jupiter.engine.execution.ExecutableInvoker.invoke(ExecutableInvoker.java:98) ~[junit-jupiter-engine-5.6.3.jar:5.6.3]
	at org.junit.jupiter.engine.descriptor.TestMethodTestDescriptor.lambda$invokeTestMethod$6(TestMethodTestDescriptor.java:212) ~[junit-jupiter-engine-5.6.3.jar:5.6.3]
	at org.junit.platform.engine.support.hierarchical.ThrowableCollector.execute(ThrowableCollector.java:73) ~[junit-platform-engine-1.6.3.jar:1.6.3]
	at org.junit.jupiter.engine.descriptor.TestMethodTestDescriptor.invokeTestMethod(TestMethodTestDescriptor.java:208) ~[junit-jupiter-engine-5.6.3.jar:5.6.3]
	at org.junit.jupiter.engine.descriptor.TestMethodTestDescriptor.execute(TestMethodTestDescriptor.java:137) ~[junit-jupiter-engine-5.6.3.jar:5.6.3]
	at org.junit.jupiter.engine.descriptor.TestMethodTestDescriptor.execute(TestMethodTestDescriptor.java:71) ~[junit-jupiter-engine-5.6.3.jar:5.6.3]
	at org.junit.platform.engine.support.hierarchical.NodeTestTask.lambda$executeRecursively$5(NodeTestTask.java:135) ~[junit-platform-engine-1.6.3.jar:1.6.3]
	at org.junit.platform.engine.support.hierarchical.ThrowableCollector.execute(ThrowableCollector.java:73) ~[junit-platform-engine-1.6.3.jar:1.6.3]
	at org.junit.platform.engine.support.hierarchical.NodeTestTask.lambda$executeRecursively$7(NodeTestTask.java:125) ~[junit-platform-engine-1.6.3.jar:1.6.3]
	at org.junit.platform.engine.support.hierarchical.Node.around(Node.java:135) ~[junit-platform-engine-1.6.3.jar:1.6.3]
	at org.junit.platform.engine.support.hierarchical.NodeTestTask.lambda$executeRecursively$8(NodeTestTask.java:123) ~[junit-platform-engine-1.6.3.jar:1.6.3]
	at org.junit.platform.engine.support.hierarchical.ThrowableCollector.execute(ThrowableCollector.java:73) ~[junit-platform-engine-1.6.3.jar:1.6.3]
	at org.junit.platform.engine.support.hierarchical.NodeTestTask.executeRecursively(NodeTestTask.java:122) ~[junit-platform-engine-1.6.3.jar:1.6.3]
	at org.junit.platform.engine.support.hierarchical.NodeTestTask.execute(NodeTestTask.java:80) ~[junit-platform-engine-1.6.3.jar:1.6.3]
	at java.util.ArrayList.forEach(ArrayList.java:1257) ~[?:1.8.0_201]
	at org.junit.platform.engine.support.hierarchical.SameThreadHierarchicalTestExecutorService.invokeAll(SameThreadHierarchicalTestExecutorService.java:38) ~[junit-platform-engine-1.6.3.jar:1.6.3]
	at org.junit.platform.engine.support.hierarchical.NodeTestTask.lambda$executeRecursively$5(NodeTestTask.java:139) ~[junit-platform-engine-1.6.3.jar:1.6.3]
	at org.junit.platform.engine.support.hierarchical.ThrowableCollector.execute(ThrowableCollector.java:73) ~[junit-platform-engine-1.6.3.jar:1.6.3]
	at org.junit.platform.engine.support.hierarchical.NodeTestTask.lambda$executeRecursively$7(NodeTestTask.java:125) ~[junit-platform-engine-1.6.3.jar:1.6.3]
	at org.junit.platform.engine.support.hierarchical.Node.around(Node.java:135) ~[junit-platform-engine-1.6.3.jar:1.6.3]
	at org.junit.platform.engine.support.hierarchical.NodeTestTask.lambda$executeRecursively$8(NodeTestTask.java:123) ~[junit-platform-engine-1.6.3.jar:1.6.3]
	at org.junit.platform.engine.support.hierarchical.ThrowableCollector.execute(ThrowableCollector.java:73) ~[junit-platform-engine-1.6.3.jar:1.6.3]
	at org.junit.platform.engine.support.hierarchical.NodeTestTask.executeRecursively(NodeTestTask.java:122) ~[junit-platform-engine-1.6.3.jar:1.6.3]
	at org.junit.platform.engine.support.hierarchical.NodeTestTask.execute(NodeTestTask.java:80) ~[junit-platform-engine-1.6.3.jar:1.6.3]
	at java.util.ArrayList.forEach(ArrayList.java:1257) ~[?:1.8.0_201]
	at org.junit.platform.engine.support.hierarchical.SameThreadHierarchicalTestExecutorService.invokeAll(SameThreadHierarchicalTestExecutorService.java:38) ~[junit-platform-engine-1.6.3.jar:1.6.3]
	at org.junit.platform.engine.support.hierarchical.NodeTestTask.lambda$executeRecursively$5(NodeTestTask.java:139) ~[junit-platform-engine-1.6.3.jar:1.6.3]
	at org.junit.platform.engine.support.hierarchical.ThrowableCollector.execute(ThrowableCollector.java:73) ~[junit-platform-engine-1.6.3.jar:1.6.3]
	at org.junit.platform.engine.support.hierarchical.NodeTestTask.lambda$executeRecursively$7(NodeTestTask.java:125) ~[junit-platform-engine-1.6.3.jar:1.6.3]
	at org.junit.platform.engine.support.hierarchical.Node.around(Node.java:135) ~[junit-platform-engine-1.6.3.jar:1.6.3]
	at org.junit.platform.engine.support.hierarchical.NodeTestTask.lambda$executeRecursively$8(NodeTestTask.java:123) ~[junit-platform-engine-1.6.3.jar:1.6.3]
	at org.junit.platform.engine.support.hierarchical.ThrowableCollector.execute(ThrowableCollector.java:73) ~[junit-platform-engine-1.6.3.jar:1.6.3]
	at org.junit.platform.engine.support.hierarchical.NodeTestTask.executeRecursively(NodeTestTask.java:122) ~[junit-platform-engine-1.6.3.jar:1.6.3]
	at org.junit.platform.engine.support.hierarchical.NodeTestTask.execute(NodeTestTask.java:80) ~[junit-platform-engine-1.6.3.jar:1.6.3]
	at org.junit.platform.engine.support.hierarchical.SameThreadHierarchicalTestExecutorService.submit(SameThreadHierarchicalTestExecutorService.java:32) ~[junit-platform-engine-1.6.3.jar:1.6.3]
	at org.junit.platform.engine.support.hierarchical.HierarchicalTestExecutor.execute(HierarchicalTestExecutor.java:57) ~[junit-platform-engine-1.6.3.jar:1.6.3]
	at org.junit.platform.engine.support.hierarchical.HierarchicalTestEngine.execute(HierarchicalTestEngine.java:51) ~[junit-platform-engine-1.6.3.jar:1.6.3]
	at org.junit.platform.launcher.core.DefaultLauncher.execute(DefaultLauncher.java:248) ~[junit-platform-launcher-1.6.3.jar:1.6.3]
	at org.junit.platform.launcher.core.DefaultLauncher.lambda$execute$5(DefaultLauncher.java:211) ~[junit-platform-launcher-1.6.3.jar:1.6.3]
	at org.junit.platform.launcher.core.DefaultLauncher.withInterceptedStreams(DefaultLauncher.java:226) [junit-platform-launcher-1.6.3.jar:1.6.3]
	at org.junit.platform.launcher.core.DefaultLauncher.execute(DefaultLauncher.java:199) [junit-platform-launcher-1.6.3.jar:1.6.3]
	at org.junit.platform.launcher.core.DefaultLauncher.execute(DefaultLauncher.java:132) [junit-platform-launcher-1.6.3.jar:1.6.3]
	at org.gradle.api.internal.tasks.testing.junitplatform.JUnitPlatformTestClassProcessor$CollectAllTestClassesExecutor.processAllTestClasses(JUnitPlatformTestClassProcessor.java:102) [gradle-testing-junit-platform-5.6.4.jar:5.6.4]
	at org.gradle.api.internal.tasks.testing.junitplatform.JUnitPlatformTestClassProcessor$CollectAllTestClassesExecutor.access$000(JUnitPlatformTestClassProcessor.java:82) [gradle-testing-junit-platform-5.6.4.jar:5.6.4]
	at org.gradle.api.internal.tasks.testing.junitplatform.JUnitPlatformTestClassProcessor.stop(JUnitPlatformTestClassProcessor.java:78) [gradle-testing-junit-platform-5.6.4.jar:5.6.4]
	at org.gradle.api.internal.tasks.testing.SuiteTestClassProcessor.stop(SuiteTestClassProcessor.java:61) [gradle-testing-base-5.6.4.jar:5.6.4]
	at sun.reflect.NativeMethodAccessorImpl.invoke0(Native Method) ~[?:1.8.0_201]
	at sun.reflect.NativeMethodAccessorImpl.invoke(NativeMethodAccessorImpl.java:62) ~[?:1.8.0_201]
	at sun.reflect.DelegatingMethodAccessorImpl.invoke(DelegatingMethodAccessorImpl.java:43) ~[?:1.8.0_201]
	at java.lang.reflect.Method.invoke(Method.java:498) ~[?:1.8.0_201]
	at org.gradle.internal.dispatch.ReflectionDispatch.dispatch(ReflectionDispatch.java:36) [gradle-messaging-5.6.4.jar:5.6.4]
	at org.gradle.internal.dispatch.ReflectionDispatch.dispatch(ReflectionDispatch.java:24) [gradle-messaging-5.6.4.jar:5.6.4]
	at org.gradle.internal.dispatch.ContextClassLoaderDispatch.dispatch(ContextClassLoaderDispatch.java:33) [gradle-messaging-5.6.4.jar:5.6.4]
	at org.gradle.internal.dispatch.ProxyDispatchAdapter$DispatchingInvocationHandler.invoke(ProxyDispatchAdapter.java:94) [gradle-messaging-5.6.4.jar:5.6.4]
	at com.sun.proxy.$Proxy2.stop(Unknown Source) [?:?]
	at org.gradle.api.internal.tasks.testing.worker.TestWorker.stop(TestWorker.java:132) [gradle-testing-base-5.6.4.jar:5.6.4]
	at sun.reflect.NativeMethodAccessorImpl.invoke0(Native Method) ~[?:1.8.0_201]
	at sun.reflect.NativeMethodAccessorImpl.invoke(NativeMethodAccessorImpl.java:62) ~[?:1.8.0_201]
	at sun.reflect.DelegatingMethodAccessorImpl.invoke(DelegatingMethodAccessorImpl.java:43) ~[?:1.8.0_201]
	at java.lang.reflect.Method.invoke(Method.java:498) ~[?:1.8.0_201]
	at org.gradle.internal.dispatch.ReflectionDispatch.dispatch(ReflectionDispatch.java:36) [gradle-messaging-5.6.4.jar:5.6.4]
	at org.gradle.internal.dispatch.ReflectionDispatch.dispatch(ReflectionDispatch.java:24) [gradle-messaging-5.6.4.jar:5.6.4]
	at org.gradle.internal.remote.internal.hub.MessageHubBackedObjectConnection$DispatchWrapper.dispatch(MessageHubBackedObjectConnection.java:182) [gradle-messaging-5.6.4.jar:5.6.4]
	at org.gradle.internal.remote.internal.hub.MessageHubBackedObjectConnection$DispatchWrapper.dispatch(MessageHubBackedObjectConnection.java:164) [gradle-messaging-5.6.4.jar:5.6.4]
	at org.gradle.internal.remote.internal.hub.MessageHub$Handler.run(MessageHub.java:412) [gradle-messaging-5.6.4.jar:5.6.4]
	at org.gradle.internal.concurrent.ExecutorPolicy$CatchAndRecordFailures.onExecute(ExecutorPolicy.java:64) [gradle-base-services-5.6.4.jar:5.6.4]
	at org.gradle.internal.concurrent.ManagedExecutorImpl$1.run(ManagedExecutorImpl.java:48) [gradle-base-services-5.6.4.jar:5.6.4]
	at java.util.concurrent.ThreadPoolExecutor.runWorker(ThreadPoolExecutor.java:1149) [?:1.8.0_201]
	at java.util.concurrent.ThreadPoolExecutor$Worker.run(ThreadPoolExecutor.java:624) [?:1.8.0_201]
	at org.gradle.internal.concurrent.ThreadFactoryImpl$ManagedThreadRunnable.run(ThreadFactoryImpl.java:56) [gradle-base-services-5.6.4.jar:5.6.4]
	at java.lang.Thread.run(Thread.java:748) [?:1.8.0_201]
Caused by: java.lang.IllegalStateException: Ambiguous mapping. Cannot map 'ChildController' method 
org.springframework.web.servlet.mvc.method.annotation.ServletAnnotationControllerHandlerMethodTests$ChildController#doGet(HttpServletRequest, HttpServletResponse)
to {GET /child/test}: There is already 'ChildController' bean method
org.springframework.web.servlet.mvc.method.annotation.ServletAnnotationControllerHandlerMethodTests$ChildController#doGet(HttpServletRequest, HttpServletResponse, String) mapped.
	at org.springframework.web.servlet.handler.AbstractHandlerMethodMapping$MappingRegistry.validateMethodMapping(AbstractHandlerMethodMapping.java:637) ~[main/:?]
	at org.springframework.web.servlet.handler.AbstractHandlerMethodMapping$MappingRegistry.register(AbstractHandlerMethodMapping.java:604) ~[main/:?]
	at org.springframework.web.servlet.handler.AbstractHandlerMethodMapping.registerHandlerMethod(AbstractHandlerMethodMapping.java:318) ~[main/:?]
	at org.springframework.web.servlet.mvc.method.annotation.RequestMappingHandlerMapping.registerHandlerMethod(RequestMappingHandlerMapping.java:378) ~[main/:?]
	at org.springframework.web.servlet.mvc.method.annotation.RequestMappingHandlerMapping.registerHandlerMethod(RequestMappingHandlerMapping.java:75) ~[main/:?]
	at org.springframework.web.servlet.handler.AbstractHandlerMethodMapping.lambda$detectHandlerMethods$1(AbstractHandlerMethodMapping.java:288) ~[main/:?]
	at java.util.LinkedHashMap.forEach(LinkedHashMap.java:684) ~[?:1.8.0_201]
	at org.springframework.web.servlet.handler.AbstractHandlerMethodMapping.detectHandlerMethods(AbstractHandlerMethodMapping.java:286) ~[main/:?]
	at org.springframework.web.servlet.handler.AbstractHandlerMethodMapping.processCandidateBean(AbstractHandlerMethodMapping.java:258) ~[main/:?]
	at org.springframework.web.servlet.handler.AbstractHandlerMethodMapping.initHandlerMethods(AbstractHandlerMethodMapping.java:217) ~[main/:?]
	at org.springframework.web.servlet.handler.AbstractHandlerMethodMapping.afterPropertiesSet(AbstractHandlerMethodMapping.java:205) ~[main/:?]
	at org.springframework.web.servlet.mvc.method.annotation.RequestMappingHandlerMapping.afterPropertiesSet(RequestMappingHandlerMapping.java:189) ~[main/:?]
	at org.springframework.beans.factory.support.AbstractAutowireCapableBeanFactory.invokeInitMethods(AbstractAutowireCapableBeanFactory.java:1858) ~[spring-beans-5.2.16.BUILD-SNAPSHOT.jar:5.2.16.BUILD-SNAPSHOT]
	at org.springframework.beans.factory.support.AbstractAutowireCapableBeanFactory.initializeBean(AbstractAutowireCapableBeanFactory.java:1795) ~[spring-beans-5.2.16.BUILD-SNAPSHOT.jar:5.2.16.BUILD-SNAPSHOT]
	... 110 more
16:12:45.455 [Test worker] WARN  o.s.w.s.PageNotFound - No mapping for GET /method
16:12:46.240 [Test worker] WARN  o.s.w.s.m.s.DefaultHandlerExceptionResolver - Resolved [org.springframework.http.converter.HttpMessageNotReadableException: Could not read]
16:12:46.446 [Test worker] WARN  o.s.w.s.m.s.DefaultHandlerExceptionResolver - Resolved [org.springframework.web.HttpMediaTypeNotAcceptableException: Could not find acceptable representation]
16:12:46.951 [Test worker] WARN  o.s.w.s.m.s.DefaultHandlerExceptionResolver - Resolved [org.springframework.web.HttpMediaTypeNotAcceptableException: Could not find acceptable representation]
16:12:48.018 [Test worker] WARN  o.s.w.s.m.s.DefaultHandlerExceptionResolver - Resolved [org.springframework.http.converter.HttpMessageNotReadableException: Could not unmarshal to [class org.springframework.web.servlet.mvc.method.annotation.ServletAnnotationControllerHandlerMethodTests$A]: Failed to convert value of type 'org.springframework.web.servlet.mvc.method.annotation.ServletAnnotationControllerHandlerMethodTests$B' to required type 'org.springframework.web.servlet.mvc.method.annotation.ServletAnnotationControllerHandlerMethodTests$A'; nested exception is org.springframework.beans.TypeMismatchException: Failed to convert value of type 'org.springframework.web.servlet.mvc.method.annotation.ServletAnnotationControllerHandlerMethodTests$B' to required type 'org.springframework.web.servlet.mvc.method.annotation.ServletAnnotationControllerHandlerMethodTests$A']
16:12:48.104 [Test worker] WARN  o.s.w.s.m.s.DefaultHandlerExceptionResolver - Resolved [org.springframework.web.HttpMediaTypeNotSupportedException: Content type 'application/xml' not supported]
16:12:49.525 [Test worker] WARN  o.s.w.s.m.s.DefaultHandlerExceptionResolver - Resolved [org.springframework.web.HttpRequestMethodNotSupportedException: Request method 'GET' not supported]
16:12:50.689 [Test worker] WARN  o.s.w.s.m.s.DefaultHandlerExceptionResolver - Resolved [org.springframework.web.HttpMediaTypeNotAcceptableException: Could not find acceptable representation]
16:12:51.033 [Test worker] WARN  o.s.w.s.m.s.DefaultHandlerExceptionResolver - Resolved [org.springframework.web.HttpMediaTypeNotSupportedException: Content type 'application/pdf' not supported]
16:12:51.298 [Test worker] WARN  o.s.w.s.m.s.DefaultHandlerExceptionResolver - Resolved [org.springframework.web.HttpRequestMethodNotSupportedException: Request method 'GET' not supported]
16:12:52.009 [Test worker] WARN  o.s.w.s.m.s.DefaultHandlerExceptionResolver - Resolved [org.springframework.web.method.annotation.MethodArgumentTypeMismatchException: Failed to convert value of type 'java.lang.String' to required type 'int'; nested exception is java.lang.NumberFormatException: For input string: "foo"]
16:12:52.960 [Test worker] WARN  o.s.w.s.m.s.DefaultHandlerExceptionResolver - Resolved [org.springframework.web.bind.MissingServletRequestParameterException: Required int parameter 'id' is not present]
16:12:53.248 [Test worker] WARN  o.s.w.s.m.s.DefaultHandlerExceptionResolver - Resolved [org.springframework.web.HttpMediaTypeNotSupportedException: Content type 'application/xml' not supported]
]]></system-out>
  <system-err><![CDATA[]]></system-err>
</testsuite>
